Using pre-set license

 COMMAND LINE ARGUMENTS:
/Applications/Unity/Hub/Editor/2020.2.0f1c1/Unity.app/Contents/MacOS/Unity
-adb2
-batchMode
-noUpm
-name
AssetImportWorker0
-projectPath
/Users/tyrant/Unity/ProjectX
-logFile
Logs/AssetImportWorker0.log
-srvPort
57724
Successfully changed project path to: /Users/tyrant/Unity/ProjectX
/Users/tyrant/Unity/ProjectX
Using Asset Import Pipeline V2.
Refreshing native plugins compatible for Editor in 35.47 ms, found 2 plugins.
Preloading 0 native plugins for Editor in 0.00 ms.
Initialize engine version: 2020.2.0f1c1 (f2fe8b73675a)
[Subsystems] Discovering subsystems at path /Applications/Unity/Hub/Editor/2020.2.0f1c1/Unity.app/Contents/Resources/UnitySubsystems
[Subsystems] Discovering subsystems at path /Users/tyrant/Unity/ProjectX/Assets
GfxDevice: creating device client; threaded=0
2020-12-20 17:24:29.790 Unity[14089:1054775] Color LCD preferred device: AMD Radeon Pro 5500M (high power)
2020-12-20 17:24:29.790 Unity[14089:1054775] Metal devices available: 2
2020-12-20 17:24:29.790 Unity[14089:1054775] 0: AMD Radeon Pro 5500M (high power)
2020-12-20 17:24:29.790 Unity[14089:1054775] 1: Intel(R) UHD Graphics 630 (low power)
2020-12-20 17:24:29.790 Unity[14089:1054775] Using device AMD Radeon Pro 5500M (high power)
Initializing Metal device caps: AMD Radeon Pro 5500M
Initialize mono
Mono path[0] = '/Applications/Unity/Hub/Editor/2020.2.0f1c1/Unity.app/Contents/Managed'
Mono path[1] = '/Applications/Unity/Hub/Editor/2020.2.0f1c1/Unity.app/Contents/MonoBleedingEdge/lib/mono/unityjit'
Mono config path = '/Applications/Unity/Hub/Editor/2020.2.0f1c1/Unity.app/Contents/MonoBleedingEdge/etc'
Using monoOptions --debugger-agent=transport=dt_socket,embedding=1,server=y,suspend=n,address=127.0.0.1:56089
Begin MonoManager ReloadAssembly
Registering precompiled unity dll's ...
Register platform support module: /Applications/Unity/Hub/Editor/2020.2.0f1c1/Unity.app/Contents/PlaybackEngines/MacStandaloneSupport/UnityEditor.OSXStandalone.Extensions.dll
Registered in 0.000506 seconds.
Native extension for OSXStandalone target not found
Refreshing native plugins compatible for Editor in 33.79 ms, found 2 plugins.
Preloading 0 native plugins for Editor in 0.00 ms.
Invoked RoslynAnalysisRunner static constructor.
RoslynAnalysisRunner will not be running.
RoslynAnalysisRunner has terminated.
Mono: successfully reloaded assembly
- Completed reload, in  1.805 seconds
Platform modules already initialized, skipping
Registering precompiled user dll's ...
Registered in 0.000438 seconds.
Begin MonoManager ReloadAssembly
Native extension for OSXStandalone target not found
Refreshing native plugins compatible for Editor in 30.84 ms, found 2 plugins.
Preloading 0 native plugins for Editor in 0.00 ms.
Invoked RoslynAnalysisRunner static constructor.
RoslynAnalysisRunner will not be running.
RoslynAnalysisRunner has terminated.
Mono: successfully reloaded assembly
- Completed reload, in  1.083 seconds
Platform modules already initialized, skipping
========================================================================
Worker process is ready to serve import requests
Launching external process: /Applications/Unity/Hub/Editor/2020.2.0f1c1/Unity.app/Contents/Tools/UnityShaderCompiler
Launched and connected shader compiler UnityShaderCompiler after 0.02 seconds
Refreshing native plugins compatible for Editor in 0.34 ms, found 2 plugins.
Preloading 0 native plugins for Editor in 0.00 ms.
Unloading 1798 Unused Serialized files (Serialized files now loaded: 0)
System memory in use before: 145.5 MB.
System memory in use after: 145.5 MB.

Unloading 24 unused Assets to reduce memory usage. Loaded Objects now: 2241.
Total: 2.136443 ms (FindLiveObjects: 0.224842 ms CreateObjectMapping: 0.065906 ms MarkObjects: 1.673653 ms  DeleteObjects: 0.171154 ms)

========================================================================
Received Import Request.
  path: Assets/Scripts/Tools/NormalTile.cs
  artifactKey: Guid(ef5e1368ee841407492cb553b60bb5ee) Importer(815301076,1909f56bfc062723c751e8b465ee728b)
Start importing Assets/Scripts/Tools/NormalTile.cs using Guid(ef5e1368ee841407492cb553b60bb5ee) Importer(815301076,1909f56bfc062723c751e8b465ee728b)  -> (artifact id: '1ac62190d259c659cd9ac5dc9869e101') in 0.313459 seconds
  Import took 0.316524 seconds .

========================================================================
Received Prepare
Registering precompiled user dll's ...
Registered in 0.000498 seconds.
Begin MonoManager ReloadAssembly
Native extension for OSXStandalone target not found
Refreshing native plugins compatible for Editor in 0.34 ms, found 2 plugins.
Preloading 0 native plugins for Editor in 0.00 ms.
Invoked RoslynAnalysisRunner static constructor.
RoslynAnalysisRunner will not be running.
RoslynAnalysisRunner has terminated.
Mono: successfully reloaded assembly
- Completed reload, in  0.903 seconds
Platform modules already initialized, skipping
Refreshing native plugins compatible for Editor in 0.41 ms, found 2 plugins.
Preloading 0 native plugins for Editor in 0.00 ms.
Unloading 1792 Unused Serialized files (Serialized files now loaded: 0)
System memory in use before: 150.1 MB.
System memory in use after: 150.1 MB.

Unloading 12 unused Assets to reduce memory usage. Loaded Objects now: 2244.
Total: 1.900269 ms (FindLiveObjects: 0.168968 ms CreateObjectMapping: 0.059730 ms MarkObjects: 1.590816 ms  DeleteObjects: 0.079792 ms)

========================================================================
Received Import Request.
  Time since last request: 48.214689 seconds.
  path: Assets/Scripts/Tools/NormalTile.cs
  artifactKey: Guid(ef5e1368ee841407492cb553b60bb5ee) Importer(815301076,1909f56bfc062723c751e8b465ee728b)
Start importing Assets/Scripts/Tools/NormalTile.cs using Guid(ef5e1368ee841407492cb553b60bb5ee) Importer(815301076,1909f56bfc062723c751e8b465ee728b)  -> (artifact id: '6284ff17260a4e77a3b57bd93248ea77') in 0.004421 seconds
  Import took 0.007461 seconds .

========================================================================
Received Prepare
Registering precompiled user dll's ...
Registered in 0.000498 seconds.
Begin MonoManager ReloadAssembly
Native extension for OSXStandalone target not found
Refreshing native plugins compatible for Editor in 0.31 ms, found 2 plugins.
Preloading 0 native plugins for Editor in 0.00 ms.
Invoked RoslynAnalysisRunner static constructor.
RoslynAnalysisRunner will not be running.
RoslynAnalysisRunner has terminated.
Mono: successfully reloaded assembly
- Completed reload, in  0.883 seconds
Platform modules already initialized, skipping
Refreshing native plugins compatible for Editor in 0.32 ms, found 2 plugins.
Preloading 0 native plugins for Editor in 0.00 ms.
Unloading 1791 Unused Serialized files (Serialized files now loaded: 0)
System memory in use before: 150.5 MB.
System memory in use after: 150.5 MB.

Unloading 13 unused Assets to reduce memory usage. Loaded Objects now: 2246.
Total: 1.846077 ms (FindLiveObjects: 0.180321 ms CreateObjectMapping: 0.058271 ms MarkObjects: 1.522583 ms  DeleteObjects: 0.083716 ms)

========================================================================
Received Prepare
Registering precompiled user dll's ...
Registered in 0.000347 seconds.
Begin MonoManager ReloadAssembly
Native extension for OSXStandalone target not found
Refreshing native plugins compatible for Editor in 0.43 ms, found 2 plugins.
Preloading 0 native plugins for Editor in 0.00 ms.
Invoked RoslynAnalysisRunner static constructor.
RoslynAnalysisRunner will not be running.
RoslynAnalysisRunner has terminated.
Mono: successfully reloaded assembly
- Completed reload, in  0.955 seconds
Platform modules already initialized, skipping
Refreshing native plugins compatible for Editor in 0.24 ms, found 2 plugins.
Preloading 0 native plugins for Editor in 0.00 ms.
Unloading 1792 Unused Serialized files (Serialized files now loaded: 0)
System memory in use before: 151.0 MB.
System memory in use after: 151.0 MB.

Unloading 12 unused Assets to reduce memory usage. Loaded Objects now: 2250.
Total: 2.059350 ms (FindLiveObjects: 0.295409 ms CreateObjectMapping: 0.079842 ms MarkObjects: 1.581080 ms  DeleteObjects: 0.101427 ms)

========================================================================
Received Prepare
Registering precompiled user dll's ...
Registered in 0.000549 seconds.
Begin MonoManager ReloadAssembly
Native extension for OSXStandalone target not found
Refreshing native plugins compatible for Editor in 0.37 ms, found 2 plugins.
Preloading 0 native plugins for Editor in 0.00 ms.
Invoked RoslynAnalysisRunner static constructor.
RoslynAnalysisRunner will not be running.
RoslynAnalysisRunner has terminated.
Mono: successfully reloaded assembly
- Completed reload, in  0.886 seconds
Platform modules already initialized, skipping
Refreshing native plugins compatible for Editor in 0.26 ms, found 2 plugins.
Preloading 0 native plugins for Editor in 0.00 ms.
Unloading 1792 Unused Serialized files (Serialized files now loaded: 0)
System memory in use before: 151.2 MB.
System memory in use after: 151.2 MB.

Unloading 12 unused Assets to reduce memory usage. Loaded Objects now: 2253.
Total: 2.326917 ms (FindLiveObjects: 0.245562 ms CreateObjectMapping: 0.092139 ms MarkObjects: 1.891667 ms  DeleteObjects: 0.095715 ms)

========================================================================
Received Import Request.
  Time since last request: 124.060006 seconds.
  path: Assets/Tilemap/Tiles/ABB.asset
  artifactKey: Guid(1fc970d05b7f14598a11ea0157b8f10f) Importer(815301076,1909f56bfc062723c751e8b465ee728b)
Start importing Assets/Tilemap/Tiles/ABB.asset using Guid(1fc970d05b7f14598a11ea0157b8f10f) Importer(815301076,1909f56bfc062723c751e8b465ee728b)  -> (artifact id: 'de3fddf5f0827b2f25e78839c529792d') in 0.755529 seconds
  Import took 0.758827 seconds .

========================================================================
Received Import Request.
  Time since last request: 40.500622 seconds.
  path: Assets/Tilemap/Tilemap.prefab
  artifactKey: Guid(4ed23263fdc0c4441856245a30444bde) Importer(815301076,1909f56bfc062723c751e8b465ee728b)
Start importing Assets/Tilemap/Tilemap.prefab using Guid(4ed23263fdc0c4441856245a30444bde) Importer(815301076,1909f56bfc062723c751e8b465ee728b)  -> (artifact id: '7388dc6574f22452c40547ae59791eb7') in 0.324222 seconds
  Import took 0.328164 seconds .

========================================================================
Received Import Request.
  Time since last request: 361.678691 seconds.
  path: Assets/Tilemap/Tiles/ABB.asset
  artifactKey: Guid(1fc970d05b7f14598a11ea0157b8f10f) Importer(815301076,1909f56bfc062723c751e8b465ee728b)
Start importing Assets/Tilemap/Tiles/ABB.asset using Guid(1fc970d05b7f14598a11ea0157b8f10f) Importer(815301076,1909f56bfc062723c751e8b465ee728b)  -> (artifact id: '3816bd80cceac5d6abd9861fe815c94c') in 0.002994 seconds
  Import took 0.005529 seconds .

========================================================================
Received Prepare
Registering precompiled user dll's ...
Registered in 0.000461 seconds.
Begin MonoManager ReloadAssembly
Native extension for OSXStandalone target not found
Refreshing native plugins compatible for Editor in 0.31 ms, found 2 plugins.
Preloading 0 native plugins for Editor in 0.00 ms.
Invoked RoslynAnalysisRunner static constructor.
RoslynAnalysisRunner will not be running.
RoslynAnalysisRunner has terminated.
Mono: successfully reloaded assembly
- Completed reload, in  0.895 seconds
Platform modules already initialized, skipping
Refreshing native plugins compatible for Editor in 0.29 ms, found 2 plugins.
Preloading 0 native plugins for Editor in 0.00 ms.
Unloading 1792 Unused Serialized files (Serialized files now loaded: 0)
System memory in use before: 160.4 MB.
System memory in use after: 160.4 MB.

Unloading 12 unused Assets to reduce memory usage. Loaded Objects now: 2256.
Total: 1.899094 ms (FindLiveObjects: 0.210378 ms CreateObjectMapping: 0.059390 ms MarkObjects: 1.540684 ms  DeleteObjects: 0.086829 ms)

